This is pdfTeX, Version 3.141592653-2.6-1.40.25 (MiKTeX 24.1) (preloaded format=latex 2024.9.23)  23 SEP 2024 12:03
entering extended mode
 restricted \write18 enabled.
 %&-line parsing enabled.
**./customisation.tex
(customisation.tex
LaTeX2e <2023-11-01> patch level 1
L3 programming layer <2024-01-04>

! LaTeX Error: \usepackage before \documentclass.

See the LaTeX manual or LaTeX Companion for explanation.
Type  H <return>  for immediate help.
 ...                                              
                                                  
l.5 \usepackage{
                float} % Adds the [H] option for forced figure placement
? 
! Emergency stop.
 ...                                              
                                                  
l.5 \usepackage{
                float} % Adds the [H] option for forced figure placement
\usepackage may only appear in the document preamble, i.e.,
between \documentclass and \begin{document}.

 
Here is how much of TeX's memory you used:
 19 strings out of 474487
 638 string characters out of 5743309
 1924539 words of memory out of 5000000
 22404 multiletter control sequences out of 15000+600000
 558069 words of font info for 36 fonts, out of 8000000 for 9000
 1141 hyphenation exceptions out of 8191
 12i,0n,13p,102b,14s stack positions out of 10000i,1000n,20000p,200000b,200000s
No pages of output.
